<?xml version="1.0" encoding="UTF-8" ?>
<testsuite errors="0" failures="0" hostname="lapesic-VirtualBox" name="principal.AllTests" tests="25" time="0.801" timestamp="2018-06-24T22:26:12">
  <properties>
[...]
</properties>
  <testcase classname="a_testes_Categoria.A_Incluir_Categoria_Test" name="deveIncluirCategoriaComSucesso" time="0.478" />
  <testcase classname="a_testes_Categoria.A_Incluir_Categoria_Test" name="deveIncluirCategoriaPersistente" time="0.008" />
  <testcase classname="a_testes_Categoria.B_Busca_Categoria_Test" name="deveRetornarNulo" time="0.001" />
  <testcase classname="a_testes_Categoria.B_Busca_Categoria_Test" name="deveRetornarNaoNulo" time="0.001" />
  <testcase classname="a_testes_Categoria.C_Alterar_Categoria_Test" name="deveAlterarCategoria" time="0.006" />
  <testcase classname="a_testes_Categoria.D_Excluir_Categoria_Test" name="deveExcluirCategoria" time="0.007" />
  <testcase classname="b_testes_Produto.A_Incluir_Produto_Test" name="deveIncluirProdutoComSucesso" time="0.016" />
  <testcase classname="b_testes_Produto.A_Incluir_Produto_Test" name="deveIncluirProdutoComPersistente" time="0.009" />
  <testcase classname="b_testes_Produto.A_Incluir_Produto_Test" name="deveReotrnarErroPorCausaDaCategoria" time="0.024" />
  <testcase classname="b_testes_Produto.B_Busca_Produto_Test" name="deveRetornarNaoNulo" time="0.001" />
  <testcase classname="b_testes_Produto.C_Alterar_Produto_Test" name="deveAlterarProduto" time="0.004" />
  <testcase classname="b_testes_Produto.C_Alterar_Produto_Test" name="deveReotrnarErroPorCausaDaCategoria" time="0.002" />
  <testcase classname="b_testes_Produto.D_Excluir_Produto_Test" name="deveExcluirCategoria" time="0.004" />
  <testcase classname="c_testes_Cliente.A_Incluir_Cliente_Test" name="deveIncluirClienteComSucesso" time="0.011" />
  <testcase classname="c_testes_Cliente.A_Incluir_Cliente_Test" name="deveIncluirClientePesistente" time="0.005" />
  <testcase classname="c_testes_Cliente.B_Busca_Cliente_Test" name="deveRetornarNaoNulo" time="0.001" />
  <testcase classname="c_testes_Cliente.C_Alterar_Cliente_Test" name="deveAlterarCliente" time="0.005" />
  <testcase classname="c_testes_Cliente.D_Excluir_Cliente_Test" name="deveExcluirClienteComSucesso" time="0.003" />
  <testcase classname="d_testes_Pedido.Incluir_Pedido_Test" name="deveIncluirPedidoComSucesso" time="0.01" />
  <testcase classname="d_testes_Pedido.Incluir_Pedido_Test" name="naoDeveIncluirPedidoComSucessoPorCausaDoItem" time="0.001" />
  <testcase classname="d_testes_Pedido.Incluir_Pedido_Test" name="naoDeveIncluirPedidoComSucessoPorCausaDoCliente" time="0.001" />
  <testcase classname="d_testes_Pedido.Pesquisar_Pedido_Test" name="deveEncontrarPedidoComSucesso" time="0.001" />
  <testcase classname="d_testes_Pedido.Pesquisar_Pedido_Test" name="naoDeveEncontrarPedido" time="0.001" />
  <testcase classname="e_testes_Item.Buscar_Item_Test" name="naoDeveEncontrarItem" time="0.001" />
  <testcase classname="e_testes_Item.Buscar_Item_Test" name="deveEncontrarItemComSucesso" time="0.001" />
  <system-out><![CDATA[Operação incluir realizada com sucesso!
Operação incluir realizada com sucesso!
Operação alterar realizada com sucesso!
Operação excluir realizada com sucesso!
Operação incluir realizada com sucesso!
Operação incluir realizada com sucesso!
Operação alterar realizada com sucesso!
Operação excluir realizada com sucesso!
Operação incluir realizada com sucesso!
Operação incluir realizada com sucesso!
Operação alterar realizada com sucesso!
Operação excluir realizada com sucesso!
Operação incluir realizada com sucesso!
Resetando database comercio
Recriando database comercio
Criando tabela CATEGORIA
Resetando Tabela comercio
Criando tabela PRODUTO
Criando tabela CLIENTE
Criando tabela PEDIDO
Criando tabela ITEM
Criando chaves estrangeiras
TABELA COMERCIO RESETADO COM SUCESSO.
]]></system-out>
  <system-err><![CDATA[]]></system-err>
</testsuite>
